[debug] [2019-03-05T18:32:58.978Z] ----------------------------------------------------------------------
[debug] [2019-03-05T18:32:58.979Z] Command:       /usr/local/bin/node /usr/local/bin/firebase deploy
[debug] [2019-03-05T18:32:58.979Z] CLI Version:   6.2.2
[debug] [2019-03-05T18:32:58.980Z] Platform:      darwin
[debug] [2019-03-05T18:32:58.980Z] Node Version:  v10.15.0
[debug] [2019-03-05T18:32:58.980Z] Time:          Tue Mar 05 2019 19:32:58 GMT+0100 (GMT+01:00)
[debug] [2019-03-05T18:32:58.980Z] ----------------------------------------------------------------------
[debug] 
[debug] [2019-03-05T18:32:58.990Z] > command requires scopes: ["email","openid","https://www.googleapis.com/auth/cloudplatformprojects.readonly","https://www.googleapis.com/auth/firebase","https://www.googleapis.com/auth/cloud-platform"]
[debug] [2019-03-05T18:32:58.990Z] > authorizing via signed-in user
[debug] [2019-03-05T18:32:58.990Z] [iam] checking project personal-portfolio-6e0a0 for permissions ["firebase.projects.get","firebasehosting.sites.update"]
[debug] [2019-03-05T18:32:58.992Z] > refreshing access token with scopes: ["email","https://www.googleapis.com/auth/cloud-platform","https://www.googleapis.com/auth/cloudplatformprojects.readonly","https://www.googleapis.com/auth/firebase","openid"]
[debug] [2019-03-05T18:32:58.992Z] >>> HTTP REQUEST POST https://www.googleapis.com/oauth2/v3/token  
 <request body omitted>
[debug] [2019-03-05T18:32:59.172Z] <<< HTTP RESPONSE 200
[debug] [2019-03-05T18:32:59.184Z] >>> HTTP REQUEST POST https://cloudresourcemanager.googleapis.com/v1/projects/personal-portfolio-6e0a0:testIamPermissions  

[debug] [2019-03-05T18:33:00.113Z] <<< HTTP RESPONSE 200
[debug] [2019-03-05T18:33:00.115Z] >>> HTTP REQUEST GET https://firebase.googleapis.com/v1beta1/projects/personal-portfolio-6e0a0  
 
[debug] [2019-03-05T18:33:00.396Z] <<< HTTP RESPONSE 200
[info] 
[info] === Deploying to 'personal-portfolio-6e0a0'...
[info] 
[info] i  deploying hosting
[debug] [2019-03-05T18:33:00.400Z] >>> HTTP REQUEST POST https://firebasehosting.googleapis.com/v1beta1/sites/personal-portfolio-6e0a0/versions  

[debug] [2019-03-05T18:33:01.478Z] <<< HTTP RESPONSE 200
[info] i  hosting[personal-portfolio-6e0a0]: beginning deploy...
[info] i  hosting[personal-portfolio-6e0a0]: found 10 files in dist
[debug] [2019-03-05T18:33:01.491Z] [hosting] hash cache [ZGlzdA] load error: lines is not defined
[debug] [2019-03-05T18:33:01.565Z] [hosting] hash cache [ZGlzdA] stored for 10 files
[debug] [2019-03-05T18:33:01.565Z] [hosting][hash queue][FINAL]
[debug] [2019-03-05T18:33:01.565Z] >>> HTTP REQUEST POST https://firebasehosting.googleapis.com/v1beta1/sites/personal-portfolio-6e0a0/versions/02fb8ae941606052:populateFiles  
 <request body omitted>
